npm warn Unknown cli config "--turbopack". This will stop working in the next major version of npm.

> temp-app@0.1.0 dev
> next dev --turbopack

 ⚠ Port 3000 is in use by an unknown process, using available port 3001 instead.
   ▲ Next.js 15.5.14 (Turbopack)
   - Local:        http://localhost:3001
   - Network:      http://192.168.0.2:3001

 ✓ Starting...
 ○ Compiling middleware ...
 ✓ Compiled middleware in 1547ms
 ✓ Ready in 4.1s
 ○ Compiling /hub ...
 ✓ Compiled /hub in 12s
 GET /hub 200 in 13657ms
 GET /hub 200 in 556ms
 GET /hub 200 in 584ms
 GET /hub 200 in 577ms
 GET /hub 200 in 573ms
 GET /hub 200 in 559ms
 GET /hub 200 in 355ms
 GET /hub 200 in 816ms
 GET /hub 200 in 334ms
 GET /hub 200 in 314ms
 GET /hub 200 in 1159ms
 GET /hub 200 in 911ms
